/usr/local/Cellar/jhipster/5.8.2/libexec/lib/node_modules/generator-jhipster/node_modules/jhipster-core/test/spec/core
/usr/local/Cellar/jhipster/5.8.2/libexec/lib/node_modules/generator-jhipster/node_modules/jhipster-core/lib/core
/usr/local/Cellar/jhipster/5.8.2/libexec/lib/node_modules/generator-jhipster/node_modules/rx/ts/core
/usr/local/Cellar/jhipster/5.8.2/libexec/lib/node_modules/generator-jhipster/node_modules/axios/lib/core
/usr/local/Cellar/jhipster/5.8.2/libexec/lib/node_modules/generator-jhipster/generators/client/templates/angular/src/test/javascript/spec/app/core
/usr/local/Cellar/jhipster/5.8.2/libexec/lib/node_modules/generator-jhipster/generators/client/templates/angular/src/main/webapp/app/core
/usr/local/Cellar/python/3.7.2_2/Frameworks/Python.framework/Versions/3.7/share/doc/python3.7/examples/Tools/msi/core
/usr/local/Cellar/python/3.7.3/Frameworks/Python.framework/Versions/3.7/share/doc/python3.7/examples/Tools/msi/core
/usr/local/Cellar/irssi/1.1.1/include/irssi/src/fe-common/core
/usr/local/Cellar/irssi/1.1.1/include/irssi/src/core
/usr/local/Cellar/irssi/1.1.1/include/irssi/src/irc/core
/usr/local/Cellar/angular-cli/7.3.7/libexec/lib/node_modules/@angular/cli/node_modules/@angular-devkit/core
/Library/Developer/CommandLineTools/SDKs/MacOSX.sdk/System/Library/Frameworks/Python.framework/Versions/2.7/Extras/lib/python/numpy/core
/Library/Java/JavaVirtualMachines/jdk1.8.0_201.jdk/Contents/Home/lib/visualvm/platform/core
/Library/Java/JavaVirtualMachines/jdk1.8.0_201.jdk/Contents/Home/lib/visualvm/visualvm/core
/System/Library/Frameworks/Python.framework/Versions/2.7/Extras/lib/python/numpy/core
/Applications/PyCharm.app/Contents/helpers/python-skeletons/numpy/core
/Applications/PyCharm.app/Contents/helpers/python-skeletons/django/core
/Applications/WebStorm.app/Contents/plugins/spy-js/server/node_modules/archiver/lib/modules/core
/Applications/IntelliJ IDEA.app/Contents/plugins/spy-js/server/node_modules/archiver/lib/modules/core
/Applications/Postman.app/Contents/Resources/app/node_modules/@sentry/core
